12:01:03 INFO  : Registering command handlers for SDK TCF services
12:01:03 INFO  : Launching XSCT server: xsct.bat -interactive D:\github\Embedded-System-Design-Flow-on-Zynq\labsolutions\embedded\2018_2_pynq_z1_labsolution\lab1\lab1.sdk\temp_xsdb_launch_script.tcl
12:01:06 INFO  : XSCT server has started successfully.
12:01:06 INFO  : Successfully done setting XSCT server connection channel  
12:01:08 INFO  : Successfully done setting SDK workspace  
12:01:08 INFO  : Processing command line option -hwspec D:/github/Embedded-System-Design-Flow-on-Zynq/labsolutions/embedded/2018_2_pynq_z1_labsolution/lab1/lab1.sdk/system_wrapper.hdf.
13:50:47 INFO  : Connected to target on host '127.0.0.1' and port '3121'.
13:51:05 INFO  : ----------------XSDB Script----------------
connect -url tcp:127.0.0.1:3121
----------------End of Script----------------

13:51:35 INFO  : Connected to target on host '127.0.0.1' and port '3121'.
13:51:38 INFO  : Jtag cable 'Xilinx PYNQ-Z1 003017A4D09AA' is selected.
13:51:38 INFO  : 'jtag frequency' command is executed.
13:51:38 INFO  : Sourcing of 'D:/github/Embedded-System-Design-Flow-on-Zynq/labsolutions/embedded/2018_2_pynq_z1_labsolution/lab1/lab1.sdk/system_wrapper_hw_platform_0/ps7_init.tcl' is done.
13:51:39 INFO  : Context for 'APU' is selected.
13:51:39 INFO  : Hardware design information is loaded from 'D:/github/Embedded-System-Design-Flow-on-Zynq/labsolutions/embedded/2018_2_pynq_z1_labsolution/lab1/lab1.sdk/system_wrapper_hw_platform_0/system.hdf'.
13:51:39 INFO  : 'configparams force-mem-access 1' command is executed.
13:51:39 INFO  : Context for 'APU' is selected.
13:51:39 INFO  : 'stop' command is executed.
13:51:40 INFO  : 'ps7_init' command is executed.
13:51:40 INFO  : 'ps7_post_config' command is executed.
13:51:40 INFO  : Context for processor 'ps7_cortexa9_0' is selected.
13:51:40 INFO  : Processor reset is completed for 'ps7_cortexa9_0'.
13:51:40 INFO  : Context for processor 'ps7_cortexa9_0' is selected.
13:51:41 INFO  : The application 'D:/github/Embedded-System-Design-Flow-on-Zynq/labsolutions/embedded/2018_2_pynq_z1_labsolution/lab1/lab1.sdk/mem_test/Debug/mem_test.elf' is downloaded to processor 'ps7_cortexa9_0'.
13:51:41 INFO  : 'configparams force-mem-access 0' command is executed.
13:51:41 INFO  : ----------------XSDB Script----------------
connect -url tcp:127.0.0.1:3121
source D:/github/Embedded-System-Design-Flow-on-Zynq/labsolutions/embedded/2018_2_pynq_z1_labsolution/lab1/lab1.sdk/system_wrapper_hw_platform_0/ps7_init.tcl
targets -set -nocase -filter {name =~"APU*" && jtag_cable_name =~ "Xilinx PYNQ-Z1 003017A4D09AA"} -index 0
loadhw -hw D:/github/Embedded-System-Design-Flow-on-Zynq/labsolutions/embedded/2018_2_pynq_z1_labsolution/lab1/lab1.sdk/system_wrapper_hw_platform_0/system.hdf -mem-ranges [list {0x40000000 0xbfffffff}]
configparams force-mem-access 1
targets -set -nocase -filter {name =~"APU*" && jtag_cable_name =~ "Xilinx PYNQ-Z1 003017A4D09AA"} -index 0
stop
ps7_init
ps7_post_config
targets -set -nocase -filter {name =~ "ARM*#0" && jtag_cable_name =~ "Xilinx PYNQ-Z1 003017A4D09AA"} -index 0
rst -processor
targets -set -nocase -filter {name =~ "ARM*#0" && jtag_cable_name =~ "Xilinx PYNQ-Z1 003017A4D09AA"} -index 0
dow D:/github/Embedded-System-Design-Flow-on-Zynq/labsolutions/embedded/2018_2_pynq_z1_labsolution/lab1/lab1.sdk/mem_test/Debug/mem_test.elf
configparams force-mem-access 0
----------------End of Script----------------

13:51:41 INFO  : Context for processor 'ps7_cortexa9_0' is selected.
13:51:41 INFO  : 'con' command is executed.
13:51:41 INFO  : ----------------XSDB Script (After Launch)----------------
targets -set -nocase -filter {name =~ "ARM*#0" && jtag_cable_name =~ "Xilinx PYNQ-Z1 003017A4D09AA"} -index 0
con
----------------End of Script----------------

13:51:41 INFO  : Launch script is exported to file 'D:\github\Embedded-System-Design-Flow-on-Zynq\labsolutions\embedded\2018_2_pynq_z1_labsolution\lab1\lab1.sdk\.sdk\launch_scripts\xilinx_c-c++_application_(system_debugger)\system_debugger_using_debug_mem_test.elf_on_local.tcl'
13:52:01 INFO  : Disconnected from the channel tcfchan#1.
13:52:02 INFO  : Connected to target on host '127.0.0.1' and port '3121'.
13:52:02 INFO  : Jtag cable 'Xilinx PYNQ-Z1 003017A4D09AA' is selected.
13:52:02 INFO  : 'jtag frequency' command is executed.
13:52:02 INFO  : Sourcing of 'D:/github/Embedded-System-Design-Flow-on-Zynq/labsolutions/embedded/2018_2_pynq_z1_labsolution/lab1/lab1.sdk/system_wrapper_hw_platform_0/ps7_init.tcl' is done.
13:52:02 INFO  : Context for 'APU' is selected.
13:52:04 INFO  : Hardware design information is loaded from 'D:/github/Embedded-System-Design-Flow-on-Zynq/labsolutions/embedded/2018_2_pynq_z1_labsolution/lab1/lab1.sdk/system_wrapper_hw_platform_0/system.hdf'.
13:52:04 INFO  : 'configparams force-mem-access 1' command is executed.
13:52:04 INFO  : Context for 'APU' is selected.
13:52:04 INFO  : 'stop' command is executed.
13:52:04 INFO  : 'ps7_init' command is executed.
13:52:04 INFO  : 'ps7_post_config' command is executed.
13:52:04 INFO  : Context for processor 'ps7_cortexa9_0' is selected.
13:52:04 INFO  : Processor reset is completed for 'ps7_cortexa9_0'.
13:52:04 INFO  : Context for processor 'ps7_cortexa9_0' is selected.
13:52:04 INFO  : The application 'D:/github/Embedded-System-Design-Flow-on-Zynq/labsolutions/embedded/2018_2_pynq_z1_labsolution/lab1/lab1.sdk/mem_test/Debug/mem_test.elf' is downloaded to processor 'ps7_cortexa9_0'.
13:52:04 INFO  : 'configparams force-mem-access 0' command is executed.
13:52:04 INFO  : ----------------XSDB Script----------------
connect -url tcp:127.0.0.1:3121
source D:/github/Embedded-System-Design-Flow-on-Zynq/labsolutions/embedded/2018_2_pynq_z1_labsolution/lab1/lab1.sdk/system_wrapper_hw_platform_0/ps7_init.tcl
targets -set -nocase -filter {name =~"APU*" && jtag_cable_name =~ "Xilinx PYNQ-Z1 003017A4D09AA"} -index 0
loadhw -hw D:/github/Embedded-System-Design-Flow-on-Zynq/labsolutions/embedded/2018_2_pynq_z1_labsolution/lab1/lab1.sdk/system_wrapper_hw_platform_0/system.hdf -mem-ranges [list {0x40000000 0xbfffffff}]
configparams force-mem-access 1
targets -set -nocase -filter {name =~"APU*" && jtag_cable_name =~ "Xilinx PYNQ-Z1 003017A4D09AA"} -index 0
stop
ps7_init
ps7_post_config
targets -set -nocase -filter {name =~ "ARM*#0" && jtag_cable_name =~ "Xilinx PYNQ-Z1 003017A4D09AA"} -index 0
rst -processor
targets -set -nocase -filter {name =~ "ARM*#0" && jtag_cable_name =~ "Xilinx PYNQ-Z1 003017A4D09AA"} -index 0
dow D:/github/Embedded-System-Design-Flow-on-Zynq/labsolutions/embedded/2018_2_pynq_z1_labsolution/lab1/lab1.sdk/mem_test/Debug/mem_test.elf
configparams force-mem-access 0
----------------End of Script----------------

13:52:04 INFO  : Context for processor 'ps7_cortexa9_0' is selected.
13:52:04 INFO  : 'con' command is executed.
13:52:04 INFO  : ----------------XSDB Script (After Launch)----------------
targets -set -nocase -filter {name =~ "ARM*#0" && jtag_cable_name =~ "Xilinx PYNQ-Z1 003017A4D09AA"} -index 0
con
----------------End of Script----------------

13:52:04 INFO  : Launch script is exported to file 'D:\github\Embedded-System-Design-Flow-on-Zynq\labsolutions\embedded\2018_2_pynq_z1_labsolution\lab1\lab1.sdk\.sdk\launch_scripts\xilinx_c-c++_application_(system_debugger)\system_debugger_using_debug_mem_test.elf_on_local.tcl'
13:52:19 INFO  : Disconnected from the channel tcfchan#2.
16:09:34 INFO  : Registering command handlers for SDK TCF services
16:09:35 INFO  : Launching XSCT server: xsct.bat -interactive D:\github\Embedded-System-Design-Flow-on-Zynq\labsolutions\embedded\2018_2_pynq_z1_labsolution\lab2\lab2.sdk\temp_xsdb_launch_script.tcl
16:09:39 INFO  : XSCT server has started successfully.
16:09:41 INFO  : Successfully done setting XSCT server connection channel  
16:09:41 INFO  : Processing command line option -hwspec D:/github/Embedded-System-Design-Flow-on-Zynq/labsolutions/embedded/2018_2_pynq_z1_labsolution/lab2/lab2.sdk/system_wrapper.hdf.
16:09:41 INFO  : Successfully done setting SDK workspace  
16:17:43 INFO  : Registering command handlers for SDK TCF services
16:17:44 INFO  : Launching XSCT server: xsct.bat -interactive D:\github\Embedded-System-Design-Flow-on-Zynq\labsolutions\embedded\2018_2_pynq_z1_labsolution\lab2\lab2.sdk\temp_xsdb_launch_script.tcl
16:17:46 INFO  : XSCT server has started successfully.
16:17:46 INFO  : Successfully done setting XSCT server connection channel  
16:17:46 INFO  : Successfully done setting SDK workspace  
16:17:46 INFO  : Processing command line option -hwspec D:/github/Embedded-System-Design-Flow-on-Zynq/labsolutions/embedded/2018_2_pynq_z1_labsolution/lab2/lab2.sdk/system_wrapper.hdf.
16:26:39 INFO  : 'targets -set -filter {jtag_cable_name =~ "Xilinx PYNQ-Z1 003017A4D09AA" && level==0} -index 1' command is executed.
16:26:39 INFO  : 'fpga -state' command is executed.
16:26:43 INFO  : Memory regions updated for context APU
16:26:47 INFO  : Connected to target on host '127.0.0.1' and port '3121'.
16:26:47 INFO  : 'targets -set -filter {jtag_cable_name =~ "Xilinx PYNQ-Z1 003017A4D09AA" && level==0} -index 1' command is executed.
16:26:49 INFO  : FPGA configured successfully with bitstream "D:/github/Embedded-System-Design-Flow-on-Zynq/labsolutions/embedded/2018_2_pynq_z1_labsolution/lab2/lab2.sdk/system_wrapper_hw_platform_1/system_wrapper.bit"
16:26:54 INFO  : 'targets -set -filter {jtag_cable_name =~ "Xilinx PYNQ-Z1 003017A4D09AA" && level==0} -index 1' command is executed.
16:26:54 INFO  : 'fpga -state' command is executed.
16:26:54 INFO  : Connected to target on host '127.0.0.1' and port '3121'.
16:26:54 INFO  : Jtag cable 'Xilinx PYNQ-Z1 003017A4D09AA' is selected.
16:26:54 INFO  : 'jtag frequency' command is executed.
16:26:54 INFO  : Sourcing of 'D:/github/Embedded-System-Design-Flow-on-Zynq/labsolutions/embedded/2018_2_pynq_z1_labsolution/lab2/lab2.sdk/system_wrapper_hw_platform_1/ps7_init.tcl' is done.
16:26:54 INFO  : Context for 'APU' is selected.
16:26:54 INFO  : Hardware design information is loaded from 'D:/github/Embedded-System-Design-Flow-on-Zynq/labsolutions/embedded/2018_2_pynq_z1_labsolution/lab2/lab2.sdk/system_wrapper_hw_platform_1/system.hdf'.
16:26:54 INFO  : 'configparams force-mem-access 1' command is executed.
16:26:54 INFO  : Context for 'APU' is selected.
16:26:54 INFO  : 'stop' command is executed.
16:26:54 INFO  : 'ps7_init' command is executed.
16:26:54 INFO  : 'ps7_post_config' command is executed.
16:26:54 INFO  : Context for processor 'ps7_cortexa9_0' is selected.
16:26:54 INFO  : Processor reset is completed for 'ps7_cortexa9_0'.
16:26:54 INFO  : Context for processor 'ps7_cortexa9_0' is selected.
16:26:55 INFO  : The application 'D:/github/Embedded-System-Design-Flow-on-Zynq/labsolutions/embedded/2018_2_pynq_z1_labsolution/lab2/lab2.sdk/TestApp/Debug/TestApp.elf' is downloaded to processor 'ps7_cortexa9_0'.
16:26:55 INFO  : 'configparams force-mem-access 0' command is executed.
16:26:55 INFO  : ----------------XSDB Script----------------
connect -url tcp:127.0.0.1:3121
source D:/github/Embedded-System-Design-Flow-on-Zynq/labsolutions/embedded/2018_2_pynq_z1_labsolution/lab2/lab2.sdk/system_wrapper_hw_platform_1/ps7_init.tcl
targets -set -nocase -filter {name =~"APU*" && jtag_cable_name =~ "Xilinx PYNQ-Z1 003017A4D09AA"} -index 0
loadhw -hw D:/github/Embedded-System-Design-Flow-on-Zynq/labsolutions/embedded/2018_2_pynq_z1_labsolution/lab2/lab2.sdk/system_wrapper_hw_platform_1/system.hdf -mem-ranges [list {0x40000000 0xbfffffff}]
configparams force-mem-access 1
targets -set -nocase -filter {name =~"APU*" && jtag_cable_name =~ "Xilinx PYNQ-Z1 003017A4D09AA"} -index 0
stop
ps7_init
ps7_post_config
targets -set -nocase -filter {name =~ "ARM*#0" && jtag_cable_name =~ "Xilinx PYNQ-Z1 003017A4D09AA"} -index 0
rst -processor
targets -set -nocase -filter {name =~ "ARM*#0" && jtag_cable_name =~ "Xilinx PYNQ-Z1 003017A4D09AA"} -index 0
dow D:/github/Embedded-System-Design-Flow-on-Zynq/labsolutions/embedded/2018_2_pynq_z1_labsolution/lab2/lab2.sdk/TestApp/Debug/TestApp.elf
configparams force-mem-access 0
----------------End of Script----------------

16:26:55 INFO  : Memory regions updated for context APU
16:26:55 INFO  : Context for processor 'ps7_cortexa9_0' is selected.
16:26:55 INFO  : 'con' command is executed.
16:26:55 INFO  : ----------------XSDB Script (After Launch)----------------
targets -set -nocase -filter {name =~ "ARM*#0" && jtag_cable_name =~ "Xilinx PYNQ-Z1 003017A4D09AA"} -index 0
con
----------------End of Script----------------

16:26:55 INFO  : Launch script is exported to file 'D:\github\Embedded-System-Design-Flow-on-Zynq\labsolutions\embedded\2018_2_pynq_z1_labsolution\lab2\lab2.sdk\.sdk\launch_scripts\xilinx_c-c++_application_(system_debugger)\system_debugger_using_debug_testapp.elf_on_local.tcl'
16:34:16 INFO  : Disconnected from the channel tcfchan#1.
09:31:13 INFO  : Launching XSCT server: xsct.bat -interactive D:\github\Embedded-System-Design-Flow-on-Zynq\labsolutions\embedded\2018_2_pynq_z1_labsolution\lab4\lab4.sdk\temp_xsdb_launch_script.tcl
09:31:15 INFO  : XSCT server has started successfully.
09:31:17 INFO  : Successfully done setting XSCT server connection channel  
09:31:17 INFO  : Successfully done setting SDK workspace  
09:31:22 INFO  : Registering command handlers for SDK TCF services
09:31:22 INFO  : Processing command line option -hwspec D:/github/Embedded-System-Design-Flow-on-Zynq/labsolutions/embedded/2018_2_pynq_z1_labsolution/lab4/lab4.sdk/system_wrapper.hdf.
09:47:52 INFO  : Connected to target on host '127.0.0.1' and port '3121'.
09:47:52 INFO  : 'targets -set -filter {jtag_cable_name =~ "Xilinx PYNQ-Z1 003017A4D09AA" && level==0} -index 1' command is executed.
09:47:55 INFO  : FPGA configured successfully with bitstream "D:/github/Embedded-System-Design-Flow-on-Zynq/labsolutions/embedded/2018_2_pynq_z1_labsolution/lab4/lab4.sdk/system_wrapper_hw_platform_2/system_wrapper.bit"
09:48:01 INFO  : 'targets -set -filter {jtag_cable_name =~ "Xilinx PYNQ-Z1 003017A4D09AA" && level==0} -index 1' command is executed.
09:48:01 INFO  : 'fpga -state' command is executed.
09:48:01 INFO  : Connected to target on host '127.0.0.1' and port '3121'.
09:48:01 INFO  : Jtag cable 'Xilinx PYNQ-Z1 003017A4D09AA' is selected.
09:48:01 INFO  : 'jtag frequency' command is executed.
09:48:01 INFO  : Sourcing of 'D:/github/Embedded-System-Design-Flow-on-Zynq/labsolutions/embedded/2018_2_pynq_z1_labsolution/lab4/lab4.sdk/system_wrapper_hw_platform_2/ps7_init.tcl' is done.
09:48:01 INFO  : Context for 'APU' is selected.
09:48:02 INFO  : Hardware design information is loaded from 'D:/github/Embedded-System-Design-Flow-on-Zynq/labsolutions/embedded/2018_2_pynq_z1_labsolution/lab4/lab4.sdk/system_wrapper_hw_platform_2/system.hdf'.
09:48:02 INFO  : 'configparams force-mem-access 1' command is executed.
09:48:02 INFO  : Context for 'APU' is selected.
09:48:02 INFO  : 'stop' command is executed.
09:48:02 INFO  : 'ps7_init' command is executed.
09:48:02 INFO  : 'ps7_post_config' command is executed.
09:48:02 INFO  : Context for processor 'ps7_cortexa9_0' is selected.
09:48:02 INFO  : Processor reset is completed for 'ps7_cortexa9_0'.
09:48:02 INFO  : Context for processor 'ps7_cortexa9_0' is selected.
09:48:02 INFO  : The application 'D:/github/Embedded-System-Design-Flow-on-Zynq/labsolutions/embedded/2018_2_pynq_z1_labsolution/lab4/lab4.sdk/lab4/Debug/lab4.elf' is downloaded to processor 'ps7_cortexa9_0'.
09:48:02 INFO  : 'configparams force-mem-access 0' command is executed.
09:48:02 INFO  : ----------------XSDB Script----------------
connect -url tcp:127.0.0.1:3121
source D:/github/Embedded-System-Design-Flow-on-Zynq/labsolutions/embedded/2018_2_pynq_z1_labsolution/lab4/lab4.sdk/system_wrapper_hw_platform_2/ps7_init.tcl
targets -set -nocase -filter {name =~"APU*" && jtag_cable_name =~ "Xilinx PYNQ-Z1 003017A4D09AA"} -index 0
loadhw -hw D:/github/Embedded-System-Design-Flow-on-Zynq/labsolutions/embedded/2018_2_pynq_z1_labsolution/lab4/lab4.sdk/system_wrapper_hw_platform_2/system.hdf -mem-ranges [list {0x40000000 0xbfffffff}]
configparams force-mem-access 1
targets -set -nocase -filter {name =~"APU*" && jtag_cable_name =~ "Xilinx PYNQ-Z1 003017A4D09AA"} -index 0
stop
ps7_init
ps7_post_config
targets -set -nocase -filter {name =~ "ARM*#0" && jtag_cable_name =~ "Xilinx PYNQ-Z1 003017A4D09AA"} -index 0
rst -processor
targets -set -nocase -filter {name =~ "ARM*#0" && jtag_cable_name =~ "Xilinx PYNQ-Z1 003017A4D09AA"} -index 0
dow D:/github/Embedded-System-Design-Flow-on-Zynq/labsolutions/embedded/2018_2_pynq_z1_labsolution/lab4/lab4.sdk/lab4/Debug/lab4.elf
configparams force-mem-access 0
----------------End of Script----------------

09:48:02 INFO  : Memory regions updated for context APU
09:48:02 INFO  : Context for processor 'ps7_cortexa9_0' is selected.
09:48:02 INFO  : 'con' command is executed.
09:48:02 INFO  : ----------------XSDB Script (After Launch)----------------
targets -set -nocase -filter {name =~ "ARM*#0" && jtag_cable_name =~ "Xilinx PYNQ-Z1 003017A4D09AA"} -index 0
con
----------------End of Script----------------

09:48:02 INFO  : Launch script is exported to file 'D:\github\Embedded-System-Design-Flow-on-Zynq\labsolutions\embedded\2018_2_pynq_z1_labsolution\lab4\lab4.sdk\.sdk\launch_scripts\xilinx_c-c++_application_(system_debugger)\system_debugger_using_debug_lab4.elf_on_local.tcl'
09:48:39 INFO  : Inferring section assignments and sizes from elf file: D:\github\Embedded-System-Design-Flow-on-Zynq\labsolutions\embedded\2018_2_pynq_z1_labsolution\lab4\lab4.sdk\lab4\Debug\lab4.elf
09:49:34 INFO  : Successfully generated D:\github\Embedded-System-Design-Flow-on-Zynq\labsolutions\embedded\2018_2_pynq_z1_labsolution\lab4\lab4.sdk\lab4\src\lscript.ld.
09:49:34 INFO  : Applying linker script to all configurations of project lab4.
09:49:34 INFO  : Setting rebuild state to true for all configurations of project lab4.
09:51:00 INFO  : Disconnected from the channel tcfchan#1.
09:51:01 INFO  : 'targets -set -filter {jtag_cable_name =~ "Xilinx PYNQ-Z1 003017A4D09AA" && level==0} -index 1' command is executed.
09:51:01 INFO  : 'fpga -state' command is executed.
09:51:01 INFO  : Connected to target on host '127.0.0.1' and port '3121'.
09:51:01 INFO  : Jtag cable 'Xilinx PYNQ-Z1 003017A4D09AA' is selected.
09:51:01 INFO  : 'jtag frequency' command is executed.
09:51:01 INFO  : Sourcing of 'D:/github/Embedded-System-Design-Flow-on-Zynq/labsolutions/embedded/2018_2_pynq_z1_labsolution/lab4/lab4.sdk/system_wrapper_hw_platform_2/ps7_init.tcl' is done.
09:51:01 INFO  : Context for 'APU' is selected.
09:51:01 INFO  : Hardware design information is loaded from 'D:/github/Embedded-System-Design-Flow-on-Zynq/labsolutions/embedded/2018_2_pynq_z1_labsolution/lab4/lab4.sdk/system_wrapper_hw_platform_2/system.hdf'.
09:51:01 INFO  : 'configparams force-mem-access 1' command is executed.
09:51:02 INFO  : Context for 'APU' is selected.
09:51:02 INFO  : 'stop' command is executed.
09:51:02 INFO  : 'ps7_init' command is executed.
09:51:02 INFO  : 'ps7_post_config' command is executed.
09:51:02 INFO  : Context for processor 'ps7_cortexa9_0' is selected.
09:51:02 INFO  : Processor reset is completed for 'ps7_cortexa9_0'.
09:51:02 INFO  : Context for processor 'ps7_cortexa9_0' is selected.
09:51:02 INFO  : The application 'D:/github/Embedded-System-Design-Flow-on-Zynq/labsolutions/embedded/2018_2_pynq_z1_labsolution/lab4/lab4.sdk/lab4/Debug/lab4.elf' is downloaded to processor 'ps7_cortexa9_0'.
09:51:02 INFO  : 'configparams force-mem-access 0' command is executed.
09:51:02 INFO  : ----------------XSDB Script----------------
connect -url tcp:127.0.0.1:3121
source D:/github/Embedded-System-Design-Flow-on-Zynq/labsolutions/embedded/2018_2_pynq_z1_labsolution/lab4/lab4.sdk/system_wrapper_hw_platform_2/ps7_init.tcl
targets -set -nocase -filter {name =~"APU*" && jtag_cable_name =~ "Xilinx PYNQ-Z1 003017A4D09AA"} -index 0
loadhw -hw D:/github/Embedded-System-Design-Flow-on-Zynq/labsolutions/embedded/2018_2_pynq_z1_labsolution/lab4/lab4.sdk/system_wrapper_hw_platform_2/system.hdf -mem-ranges [list {0x40000000 0xbfffffff}]
configparams force-mem-access 1
targets -set -nocase -filter {name =~"APU*" && jtag_cable_name =~ "Xilinx PYNQ-Z1 003017A4D09AA"} -index 0
stop
ps7_init
ps7_post_config
targets -set -nocase -filter {name =~ "ARM*#0" && jtag_cable_name =~ "Xilinx PYNQ-Z1 003017A4D09AA"} -index 0
rst -processor
targets -set -nocase -filter {name =~ "ARM*#0" && jtag_cable_name =~ "Xilinx PYNQ-Z1 003017A4D09AA"} -index 0
dow D:/github/Embedded-System-Design-Flow-on-Zynq/labsolutions/embedded/2018_2_pynq_z1_labsolution/lab4/lab4.sdk/lab4/Debug/lab4.elf
configparams force-mem-access 0
----------------End of Script----------------

09:51:02 INFO  : Memory regions updated for context APU
09:51:02 INFO  : Context for processor 'ps7_cortexa9_0' is selected.
09:51:02 INFO  : 'con' command is executed.
09:51:02 INFO  : ----------------XSDB Script (After Launch)----------------
targets -set -nocase -filter {name =~ "ARM*#0" && jtag_cable_name =~ "Xilinx PYNQ-Z1 003017A4D09AA"} -index 0
con
----------------End of Script----------------

09:51:02 INFO  : Launch script is exported to file 'D:\github\Embedded-System-Design-Flow-on-Zynq\labsolutions\embedded\2018_2_pynq_z1_labsolution\lab4\lab4.sdk\.sdk\launch_scripts\xilinx_c-c++_application_(system_debugger)\system_debugger_using_debug_lab4.elf_on_local.tcl'
09:53:05 INFO  : Disconnected from the channel tcfchan#2.
