12:01:03 INFO  : Registering command handlers for SDK TCF services
12:01:03 INFO  : Launching XSCT server: xsct.bat -interactive D:\github\Embedded-System-Design-Flow-on-Zynq\labsolutions\embedded\2018_2_pynq_z1_labsolution\lab1\lab1.sdk\temp_xsdb_launch_script.tcl
12:01:06 INFO  : XSCT server has started successfully.
12:01:06 INFO  : Successfully done setting XSCT server connection channel  
12:01:08 INFO  : Successfully done setting SDK workspace  
12:01:08 INFO  : Processing command line option -hwspec D:/github/Embedded-System-Design-Flow-on-Zynq/labsolutions/embedded/2018_2_pynq_z1_labsolution/lab1/lab1.sdk/system_wrapper.hdf.
13:50:47 INFO  : Connected to target on host '127.0.0.1' and port '3121'.
13:51:05 INFO  : ----------------XSDB Script----------------
connect -url tcp:127.0.0.1:3121
----------------End of Script----------------

13:51:35 INFO  : Connected to target on host '127.0.0.1' and port '3121'.
13:51:38 INFO  : Jtag cable 'Xilinx PYNQ-Z1 003017A4D09AA' is selected.
13:51:38 INFO  : 'jtag frequency' command is executed.
13:51:38 INFO  : Sourcing of 'D:/github/Embedded-System-Design-Flow-on-Zynq/labsolutions/embedded/2018_2_pynq_z1_labsolution/lab1/lab1.sdk/system_wrapper_hw_platform_0/ps7_init.tcl' is done.
13:51:39 INFO  : Context for 'APU' is selected.
13:51:39 INFO  : Hardware design information is loaded from 'D:/github/Embedded-System-Design-Flow-on-Zynq/labsolutions/embedded/2018_2_pynq_z1_labsolution/lab1/lab1.sdk/system_wrapper_hw_platform_0/system.hdf'.
13:51:39 INFO  : 'configparams force-mem-access 1' command is executed.
13:51:39 INFO  : Context for 'APU' is selected.
13:51:39 INFO  : 'stop' command is executed.
13:51:40 INFO  : 'ps7_init' command is executed.
13:51:40 INFO  : 'ps7_post_config' command is executed.
13:51:40 INFO  : Context for processor 'ps7_cortexa9_0' is selected.
13:51:40 INFO  : Processor reset is completed for 'ps7_cortexa9_0'.
13:51:40 INFO  : Context for processor 'ps7_cortexa9_0' is selected.
13:51:41 INFO  : The application 'D:/github/Embedded-System-Design-Flow-on-Zynq/labsolutions/embedded/2018_2_pynq_z1_labsolution/lab1/lab1.sdk/mem_test/Debug/mem_test.elf' is downloaded to processor 'ps7_cortexa9_0'.
13:51:41 INFO  : 'configparams force-mem-access 0' command is executed.
13:51:41 INFO  : ----------------XSDB Script----------------
connect -url tcp:127.0.0.1:3121
source D:/github/Embedded-System-Design-Flow-on-Zynq/labsolutions/embedded/2018_2_pynq_z1_labsolution/lab1/lab1.sdk/system_wrapper_hw_platform_0/ps7_init.tcl
targets -set -nocase -filter {name =~"APU*" && jtag_cable_name =~ "Xilinx PYNQ-Z1 003017A4D09AA"} -index 0
loadhw -hw D:/github/Embedded-System-Design-Flow-on-Zynq/labsolutions/embedded/2018_2_pynq_z1_labsolution/lab1/lab1.sdk/system_wrapper_hw_platform_0/system.hdf -mem-ranges [list {0x40000000 0xbfffffff}]
configparams force-mem-access 1
targets -set -nocase -filter {name =~"APU*" && jtag_cable_name =~ "Xilinx PYNQ-Z1 003017A4D09AA"} -index 0
stop
ps7_init
ps7_post_config
targets -set -nocase -filter {name =~ "ARM*#0" && jtag_cable_name =~ "Xilinx PYNQ-Z1 003017A4D09AA"} -index 0
rst -processor
targets -set -nocase -filter {name =~ "ARM*#0" && jtag_cable_name =~ "Xilinx PYNQ-Z1 003017A4D09AA"} -index 0
dow D:/github/Embedded-System-Design-Flow-on-Zynq/labsolutions/embedded/2018_2_pynq_z1_labsolution/lab1/lab1.sdk/mem_test/Debug/mem_test.elf
configparams force-mem-access 0
----------------End of Script----------------

13:51:41 INFO  : Context for processor 'ps7_cortexa9_0' is selected.
13:51:41 INFO  : 'con' command is executed.
13:51:41 INFO  : ----------------XSDB Script (After Launch)----------------
targets -set -nocase -filter {name =~ "ARM*#0" && jtag_cable_name =~ "Xilinx PYNQ-Z1 003017A4D09AA"} -index 0
con
----------------End of Script----------------

13:51:41 INFO  : Launch script is exported to file 'D:\github\Embedded-System-Design-Flow-on-Zynq\labsolutions\embedded\2018_2_pynq_z1_labsolution\lab1\lab1.sdk\.sdk\launch_scripts\xilinx_c-c++_application_(system_debugger)\system_debugger_using_debug_mem_test.elf_on_local.tcl'
13:52:01 INFO  : Disconnected from the channel tcfchan#1.
13:52:02 INFO  : Connected to target on host '127.0.0.1' and port '3121'.
13:52:02 INFO  : Jtag cable 'Xilinx PYNQ-Z1 003017A4D09AA' is selected.
13:52:02 INFO  : 'jtag frequency' command is executed.
13:52:02 INFO  : Sourcing of 'D:/github/Embedded-System-Design-Flow-on-Zynq/labsolutions/embedded/2018_2_pynq_z1_labsolution/lab1/lab1.sdk/system_wrapper_hw_platform_0/ps7_init.tcl' is done.
13:52:02 INFO  : Context for 'APU' is selected.
13:52:04 INFO  : Hardware design information is loaded from 'D:/github/Embedded-System-Design-Flow-on-Zynq/labsolutions/embedded/2018_2_pynq_z1_labsolution/lab1/lab1.sdk/system_wrapper_hw_platform_0/system.hdf'.
13:52:04 INFO  : 'configparams force-mem-access 1' command is executed.
13:52:04 INFO  : Context for 'APU' is selected.
13:52:04 INFO  : 'stop' command is executed.
13:52:04 INFO  : 'ps7_init' command is executed.
13:52:04 INFO  : 'ps7_post_config' command is executed.
13:52:04 INFO  : Context for processor 'ps7_cortexa9_0' is selected.
13:52:04 INFO  : Processor reset is completed for 'ps7_cortexa9_0'.
13:52:04 INFO  : Context for processor 'ps7_cortexa9_0' is selected.
13:52:04 INFO  : The application 'D:/github/Embedded-System-Design-Flow-on-Zynq/labsolutions/embedded/2018_2_pynq_z1_labsolution/lab1/lab1.sdk/mem_test/Debug/mem_test.elf' is downloaded to processor 'ps7_cortexa9_0'.
13:52:04 INFO  : 'configparams force-mem-access 0' command is executed.
13:52:04 INFO  : ----------------XSDB Script----------------
connect -url tcp:127.0.0.1:3121
source D:/github/Embedded-System-Design-Flow-on-Zynq/labsolutions/embedded/2018_2_pynq_z1_labsolution/lab1/lab1.sdk/system_wrapper_hw_platform_0/ps7_init.tcl
targets -set -nocase -filter {name =~"APU*" && jtag_cable_name =~ "Xilinx PYNQ-Z1 003017A4D09AA"} -index 0
loadhw -hw D:/github/Embedded-System-Design-Flow-on-Zynq/labsolutions/embedded/2018_2_pynq_z1_labsolution/lab1/lab1.sdk/system_wrapper_hw_platform_0/system.hdf -mem-ranges [list {0x40000000 0xbfffffff}]
configparams force-mem-access 1
targets -set -nocase -filter {name =~"APU*" && jtag_cable_name =~ "Xilinx PYNQ-Z1 003017A4D09AA"} -index 0
stop
ps7_init
ps7_post_config
targets -set -nocase -filter {name =~ "ARM*#0" && jtag_cable_name =~ "Xilinx PYNQ-Z1 003017A4D09AA"} -index 0
rst -processor
targets -set -nocase -filter {name =~ "ARM*#0" && jtag_cable_name =~ "Xilinx PYNQ-Z1 003017A4D09AA"} -index 0
dow D:/github/Embedded-System-Design-Flow-on-Zynq/labsolutions/embedded/2018_2_pynq_z1_labsolution/lab1/lab1.sdk/mem_test/Debug/mem_test.elf
configparams force-mem-access 0
----------------End of Script----------------

13:52:04 INFO  : Context for processor 'ps7_cortexa9_0' is selected.
13:52:04 INFO  : 'con' command is executed.
13:52:04 INFO  : ----------------XSDB Script (After Launch)----------------
targets -set -nocase -filter {name =~ "ARM*#0" && jtag_cable_name =~ "Xilinx PYNQ-Z1 003017A4D09AA"} -index 0
con
----------------End of Script----------------

13:52:04 INFO  : Launch script is exported to file 'D:\github\Embedded-System-Design-Flow-on-Zynq\labsolutions\embedded\2018_2_pynq_z1_labsolution\lab1\lab1.sdk\.sdk\launch_scripts\xilinx_c-c++_application_(system_debugger)\system_debugger_using_debug_mem_test.elf_on_local.tcl'
13:52:19 INFO  : Disconnected from the channel tcfchan#2.
