#-----------------------------------------------------------
# Vivado v2018.2 (64-bit)
# SW Build 2258646 on Thu Jun 14 20:03:12 MDT 2018
# IP Build 2256618 on Thu Jun 14 22:10:49 MDT 2018
# Start of session at: Mon Jun  3 14:56:12 2019
# Process ID: 4788
# Current directory: D:/github/Embedded-System-Design-Flow-on-Zynq/labsolutions/embedded/2018_2_pynq_z1_labsolution/lab1
# Command line: vivado.exe -gui_launcher_event rodinguilauncherevent8296 D:\github\Embedded-System-Design-Flow-on-Zynq\labsolutions\embedded\2018_2_pynq_z1_labsolution\lab1\lab1.xpr
# Log file: D:/github/Embedded-System-Design-Flow-on-Zynq/labsolutions/embedded/2018_2_pynq_z1_labsolution/lab1/vivado.log
# Journal file: D:/github/Embedded-System-Design-Flow-on-Zynq/labsolutions/embedded/2018_2_pynq_z1_labsolution/lab1\vivado.jou
#-----------------------------------------------------------
start_gui
open_project D:/github/Embedded-System-Design-Flow-on-Zynq/labsolutions/embedded/2018_2_pynq_z1_labsolution/lab1/lab1.xpr
INFO: [ProjectBase 1-489] The host OS only allows 260 characters in a normal path. The project is stored in a path with more than 80 characters. If you experience issues with IP, Block Designs, or files not being found, please consider moving the project to a location with a shorter path. Alternately consider using the OS subst command to map part of the path to a drive letter.
Current project path is 'D:/github/Embedded-System-Design-Flow-on-Zynq/labsolutions/embedded/2018_2_pynq_z1_labsolution/lab1'
Scanning sources...
Finished scanning sources
INFO: [IP_Flow 19-234] Refreshing IP repositories
INFO: [IP_Flow 19-1704] No user IP repositories specified
INFO: [IP_Flow 19-2313] Loaded Vivado IP repository 'C:/Xilinx/Vivado/2018.2/data/ip'.
open_project: Time (s): cpu = 00:00:11 ; elapsed = 00:00:07 . Memory (MB): peak = 829.789 ; gain = 138.660
update_compile_order -fileset sources_1
save_project_as lab2 D:/github/Embedded-System-Design-Flow-on-Zynq/labsolutions/embedded/2018_2_pynq_z1_labsolution/lab2 -force
INFO: [ProjectBase 1-489] The host OS only allows 260 characters in a normal path. The project is stored in a path with more than 80 characters. If you experience issues with IP, Block Designs, or files not being found, please consider moving the project to a location with a shorter path. Alternately consider using the OS subst command to map part of the path to a drive letter.
Current project path is 'D:/github/Embedded-System-Design-Flow-on-Zynq/labsolutions/embedded/2018_2_pynq_z1_labsolution/lab2'
exit
INFO: [Common 17-206] Exiting Vivado at Mon Jun  3 14:58:00 2019...
